[debug] [2020-09-05T06:10:46.441Z] ----------------------------------------------------------------------
[debug] [2020-09-05T06:10:46.443Z] Command:       C:\Program Files (x86)\nodejs\node.exe C:\Users\Likhith\AppData\Roaming\npm\node_modules\firebase-tools\lib\bin\firebase.js init
[debug] [2020-09-05T06:10:46.443Z] CLI Version:   8.10.0
[debug] [2020-09-05T06:10:46.443Z] Platform:      win32
[debug] [2020-09-05T06:10:46.443Z] Node Version:  v12.18.3
[debug] [2020-09-05T06:10:46.445Z] Time:          Sat Sep 05 2020 11:40:46 GMT+0530 (India Standard Time)
[debug] [2020-09-05T06:10:46.445Z] ----------------------------------------------------------------------
[debug] [2020-09-05T06:10:46.445Z] 
[debug] [2020-09-05T06:10:46.513Z] > command requires scopes: ["email","openid","https://www.googleapis.com/auth/cloudplatformprojects.readonly","https://www.googleapis.com/auth/firebase","https://www.googleapis.com/auth/cloud-platform"]
[debug] [2020-09-05T06:10:46.513Z] > authorizing via signed-in user
[info] 
     ######## #### ########  ######## ########     ###     ######  ########
     ##        ##  ##     ## ##       ##     ##  ##   ##  ##       ##
     ######    ##  ########  ######   ########  #########  ######  ######
     ##        ##  ##    ##  ##       ##     ## ##     ##       ## ##
     ##       #### ##     ## ######## ########  ##     ##  ######  ########

You're about to initialize a Firebase project in this directory:

  D:\web-dev\reactapps\utube-react

Before we get started, keep in mind:

  * You are initializing in an existing Firebase project directory

[debug] [2020-09-05T06:10:48.084Z] Error: EBUSY: resource busy or locked, rename 'C:\Users\Likhith\.config\configstore\firebase-tools.json.2543229365' -> 'C:\Users\Likhith\.config\configstore\firebase-tools.json'
    at Object.renameSync (fs.js:741:3)
    at Function.writeFileSync [as sync] (C:\Users\Likhith\AppData\Roaming\npm\node_modules\firebase-tools\node_modules\write-file-atomic\index.js:244:8)
    at Configstore.set all [as all] (C:\Users\Likhith\AppData\Roaming\npm\node_modules\firebase-tools\node_modules\configstore\index.js:61:20)
    at Configstore.set (C:\Users\Likhith\AppData\Roaming\npm\node_modules\firebase-tools\node_modules\configstore\index.js:91:12)
    at Request._callback (C:\Users\Likhith\AppData\Roaming\npm\node_modules\firebase-tools\lib\fetchMOTD.js:41:39)
    at Request.self.callback (C:\Users\Likhith\AppData\Roaming\npm\node_modules\firebase-tools\node_modules\request\request.js:185:22)
    at Request.emit (events.js:315:20)
    at Request.EventEmitter.emit (domain.js:483:12)
    at Request.<anonymous> (C:\Users\Likhith\AppData\Roaming\npm\node_modules\firebase-tools\node_modules\request\request.js:1154:10)
    at Request.emit (events.js:315:20)
    at Request.EventEmitter.emit (domain.js:483:12)
    at IncomingMessage.<anonymous> (C:\Users\Likhith\AppData\Roaming\npm\node_modules\firebase-tools\node_modules\request\request.js:1076:12)
    at Object.onceWrapper (events.js:421:28)
    at IncomingMessage.emit (events.js:327:22)
    at IncomingMessage.EventEmitter.emit (domain.js:483:12)
    at endReadableNT (_stream_readable.js:1220:12)
[error] 
[error] Error: An unexpected error has occurred.
[debug] [2020-09-05T06:11:23.483Z] ----------------------------------------------------------------------
[debug] [2020-09-05T06:11:23.485Z] Command:       C:\Program Files (x86)\nodejs\node.exe C:\Users\Likhith\AppData\Roaming\npm\node_modules\firebase-tools\lib\bin\firebase.js init
[debug] [2020-09-05T06:11:23.485Z] CLI Version:   8.10.0
[debug] [2020-09-05T06:11:23.485Z] Platform:      win32
[debug] [2020-09-05T06:11:23.485Z] Node Version:  v12.18.3
[debug] [2020-09-05T06:11:23.487Z] Time:          Sat Sep 05 2020 11:41:23 GMT+0530 (India Standard Time)
[debug] [2020-09-05T06:11:23.487Z] ----------------------------------------------------------------------
[debug] [2020-09-05T06:11:23.487Z] 
[debug] [2020-09-05T06:11:23.496Z] > command requires scopes: ["email","openid","https://www.googleapis.com/auth/cloudplatformprojects.readonly","https://www.googleapis.com/auth/firebase","https://www.googleapis.com/auth/cloud-platform"]
[debug] [2020-09-05T06:11:23.496Z] > authorizing via signed-in user
[info] 
     ######## #### ########  ######## ########     ###     ######  ########
     ##        ##  ##     ## ##       ##     ##  ##   ##  ##       ##
     ######    ##  ########  ######   ########  #########  ######  ######
     ##        ##  ##    ##  ##       ##     ## ##     ##       ## ##
     ##       #### ##     ## ######## ########  ##     ##  ######  ########

You're about to initialize a Firebase project in this directory:

  D:\web-dev\reactapps\utube-react

Before we get started, keep in mind:

  * You are initializing in an existing Firebase project directory

[info] 
=== Project Setup
[info] 
[info] First, let's associate this project directory with a Firebase project.
[info] You can create multiple project aliases by running firebase use --add, 
[info] but for now we'll just set up a default project.
[info] 
[info] i  .firebaserc already has a default project, using movie-website-2765a. 
[debug] [2020-09-05T06:11:29.361Z] > refreshing access token with scopes: ["email","https://www.googleapis.com/auth/cloud-platform","https://www.googleapis.com/auth/cloudplatformprojects.readonly","https://www.googleapis.com/auth/firebase","openid"]
[debug] [2020-09-05T06:11:29.362Z] >>> HTTP REQUEST POST https://www.googleapis.com/oauth2/v3/token  
 <request body omitted>
[debug] [2020-09-05T06:11:29.640Z] <<< HTTP RESPONSE 200 {"content-type":"application/json; charset=utf-8","vary":"X-Origin, Referer, Origin,Accept-Encoding","date":"Sat, 05 Sep 2020 06:11:30 GMT","server":"scaffolding on HTTPServer2","cache-control":"private","x-xss-protection":"0","x-frame-options":"SAMEORIGIN","x-content-type-options":"nosniff","alt-svc":"h3-29=\":443\"; ma=2592000,h3-27=\":443\"; ma=2592000,h3-T051=\":443\"; ma=2592000,h3-T050=\":443\"; ma=2592000,h3-Q050=\":443\"; ma=2592000,h3-Q046=\":443\"; ma=2592000,h3-Q043=\":443\"; ma=2592000,quic=\":443\"; ma=2592000; v=\"46,43\"","accept-ranges":"none","transfer-encoding":"chunked"}
[debug] [2020-09-05T06:11:29.690Z] EBUSY: resource busy or locked, rename 'C:\Users\Likhith\.config\configstore\firebase-tools.json.2351565820' -> 'C:\Users\Likhith\.config\configstore\firebase-tools.json'
[debug] [2020-09-05T06:11:29.894Z] Error: EBUSY: resource busy or locked, rename 'C:\Users\Likhith\.config\configstore\firebase-tools.json.2351565820' -> 'C:\Users\Likhith\.config\configstore\firebase-tools.json'
    at Object.renameSync (fs.js:741:3)
    at Function.writeFileSync [as sync] (C:\Users\Likhith\AppData\Roaming\npm\node_modules\firebase-tools\node_modules\write-file-atomic\index.js:244:8)
    at Configstore.set all [as all] (C:\Users\Likhith\AppData\Roaming\npm\node_modules\firebase-tools\node_modules\configstore\index.js:61:20)
    at Configstore.set (C:\Users\Likhith\AppData\Roaming\npm\node_modules\firebase-tools\node_modules\configstore\index.js:91:12)
    at C:\Users\Likhith\AppData\Roaming\npm\node_modules\firebase-tools\lib\auth.js:285:25
    at processTicksAndRejections (internal/process/task_queues.js:97:5)
[error] 
[error] Error: Failed to get Firebase project movie-website-2765a. Please make sure the project exists and your account has permission to access it.
